
> devory@0.1.0 build
> next build

Γû▓ Next.js 16.1.6 (Turbopack)
- Environments: .env.local, .env
- Experiments (use with caution):
  ┬╖ cpus: 4
  ┬╖ serverActions

ΓÜá The "middleware" file convention is deprecated. Please use "proxy" instead. Learn more: https://nextjs.org/docs/messages/middleware-to-proxy
  Creating an optimized production build ...
Γ£ô Compiled successfully in 4.9s
  Running TypeScript ...
  Collecting page data using 4 workers ...
Pre-rendering 308 project pages at build time...
  Generating static pages using 4 workers (0/342) ...
  Generating static pages using 4 workers (85/342) 
  Generating static pages using 4 workers (170/342) 
  Generating static pages using 4 workers (256/342) 
Γ£ô Generating static pages using 4 workers (342/342) in 74s
  Finalizing page optimization ...

Route (app)                                          Revalidate  Expire
Γöî Γùï /
Γö£ Γùï /_not-found
Γö£ ╞Æ /admin
Γö£ Γùï /admin/ideas
Γö£ Γùï /admin/reports
Γö£ ╞Æ /admin/test
Γö£ ╞Æ /api/admin/ideas
Γö£ ╞Æ /api/admin/reports
Γö£ ╞Æ /api/ai
Γö£ ╞Æ /api/auth
Γö£ ╞Æ /api/auth/[...nextauth]
Γö£ ╞Æ /api/community
Γö£ ╞Æ /api/community/[slug]
Γö£ ╞Æ /api/community/[slug]/comments
Γö£ ╞Æ /api/community/[slug]/react
Γö£ ╞Æ /api/community/[slug]/view
Γö£ ╞Æ /api/community/collaboration/[requestId]/accept
Γö£ ╞Æ /api/community/collaboration/[requestId]/reject
Γö£ ╞Æ /api/community/collaboration/my-requests
Γö£ ╞Æ /api/community/collaboration/request
Γö£ ╞Æ /api/community/collaboration/status
Γö£ ╞Æ /api/community/collaborations
Γö£ ╞Æ /api/community/comments/[commentId]/delete
Γö£ ╞Æ /api/community/comments/[commentId]/edit
Γö£ ╞Æ /api/community/comments/[commentId]/like
Γö£ ╞Æ /api/community/post
Γö£ ╞Æ /api/community/react
Γö£ ╞Æ /api/community/report
Γö£ ╞Æ /api/community/trending
Γö£ ╞Æ /api/onboarding
Γö£ ╞Æ /api/pdf
Γö£ ╞Æ /api/profile/[username]
Γö£ ╞Æ /api/projects
Γö£ ╞Æ /api/projects/[id]
Γö£ ╞Æ /api/projects/match
Γö£ ╞Æ /api/projects/recommend
Γö£ ╞Æ /api/projects/save
Γö£ ╞Æ /auth
Γö£ ╞Æ /community
Γö£ ╞Æ /community/[slug]
Γö£ ╞Æ /community/new
Γö£ ╞Æ /dashboard
Γö£ ╞Æ /onboarding
Γö£ Γùï /profile
Γö£ Γùï /projects                                                1h      1y
Γö£ ΓùÅ /projects/[slug]                                         1h      1y
Γöé Γö£ /projects/community-land-trust                           1h      1y
Γöé Γö£ /projects/inclusive-higher-education                     1h      1y
Γöé Γö£ /projects/urban-heat-island-mitigation                   1h      1y
Γöé Γöö [+305 more paths]
Γöö ╞Æ /saved


╞Æ Proxy (Middleware)

Γùï  (Static)   prerendered as static content
ΓùÅ  (SSG)      prerendered as static HTML (uses generateStaticParams)
╞Æ  (Dynamic)  server-rendered on demand

